<?xml version="1.0" encoding="UTF-8"?>
<!-- Generated by org.testng.reporters.JUnitReportReporter -->
<testsuite hostname="DESKTOP-OKO23AI" failures="0" tests="2" name="rahulshettyacademy.tests.practice" time="0.016" errors="0" timestamp="27 Sep 2023 16:28:06 GMT" skipped="0">
  <testcase classname="rahulshettyacademy.tests.practice" name="testMethod1" time="0.013"/>
  <testcase classname="rahulshettyacademy.tests.practice" name="testMethod2" time="0.003"/>
</testsuite> <!-- rahulshettyacademy.tests.practice -->
